TN:
SF:__tests__/testData/CommitCommentEventTests.ts
FNF:0
FNH:0
DA:3,3
DA:9,3
LF:2
LH:2
BRF:0
BRH:0
end_of_record
TN:
SF:__tests__/testData/CreateEventTests.ts
FNF:0
FNH:0
DA:3,3
DA:9,3
LF:2
LH:2
BRF:0
BRH:0
end_of_record
TN:
SF:__tests__/testData/DeleteEventTests.ts
FNF:0
FNH:0
DA:3,3
DA:9,3
LF:2
LH:2
BRF:0
BRH:0
end_of_record
TN:
SF:__tests__/testData/ForkEventTests.ts
FNF:0
FNH:0
DA:3,3
DA:9,3
LF:2
LH:2
BRF:0
BRH:0
end_of_record
TN:
SF:__tests__/testData/GollumEventTests.ts
FNF:0
FNH:0
DA:3,3
DA:10,3
DA:132,3
DA:329,3
LF:4
LH:4
BRF:0
BRH:0
end_of_record
TN:
SF:__tests__/testData/IssueCommentEventTests.ts
FNF:0
FNH:0
DA:3,3
DA:9,3
LF:2
LH:2
BRF:0
BRH:0
end_of_record
TN:
SF:__tests__/testData/IssuesEventTests.ts
FNF:0
FNH:0
DA:3,3
DA:9,3
LF:2
LH:2
BRF:0
BRH:0
end_of_record
TN:
SF:__tests__/testData/MemberEventTests.ts
FNF:0
FNH:0
DA:3,3
DA:9,3
LF:2
LH:2
BRF:0
BRH:0
end_of_record
TN:
SF:__tests__/testData/PublicEventTests.ts
FNF:0
FNH:0
DA:3,3
DA:9,3
LF:2
LH:2
BRF:0
BRH:0
end_of_record
TN:
SF:__tests__/testData/PullRequestEventTests.ts
FNF:0
FNH:0
DA:3,3
DA:9,3
LF:2
LH:2
BRF:0
BRH:0
end_of_record
TN:
SF:__tests__/testData/PullRequestReviewCommentEventTests.ts
FNF:0
FNH:0
DA:3,3
DA:9,3
LF:2
LH:2
BRF:0
BRH:0
end_of_record
TN:
SF:__tests__/testData/PullRequestReviewEventTests.ts
FNF:0
FNH:0
DA:3,3
DA:9,3
LF:2
LH:2
BRF:0
BRH:0
end_of_record
TN:
SF:__tests__/testData/PushEventTests.ts
FNF:0
FNH:0
DA:3,3
DA:9,3
DA:147,3
LF:3
LH:3
BRF:0
BRH:0
end_of_record
TN:
SF:__tests__/testData/ReleaseEventTests.ts
FNF:0
FNH:0
DA:3,3
DA:9,3
LF:2
LH:2
BRF:0
BRH:0
end_of_record
TN:
SF:__tests__/testData/WatchEventTests.ts
FNF:0
FNH:0
DA:3,3
DA:9,3
LF:2
LH:2
BRF:0
BRH:0
end_of_record
TN:
SF:__tests__/testData/allEventsOutput.ts
FNF:0
FNH:0
LF:0
LH:0
BRF:0
BRH:0
end_of_record
TN:
SF:__tests__/testData/index.ts
FNF:0
FNH:0
DA:17,3
LF:1
LH:1
BRF:0
BRH:0
end_of_record
TN:
SF:src/collectPropSets.ts
FN:23,groupEventPropSets
FN:25,(anonymous_1)
FN:28,(anonymous_2)
FN:54,dayNameToNumber
FN:70,initializeStartWeekday
FN:83,initializeStartDate
FN:100,initializeNextCollection
FN:112,checkRange
FN:140,collectEventsByDate
FN:155,(anonymous_9)
FN:156,(anonymous_10)
FN:166,(anonymous_11)
FN:214,(anonymous_12)
FN:234,getSortedDatedEventCollections
FN:239,(anonymous_14)
FN:254,(anonymous_15)
FN:259,(anonymous_16)
FN:261,(anonymous_17)
FN:267,(anonymous_18)
FN:270,(anonymous_19)
FNF:20
FNH:15
FNDA:75,groupEventPropSets
FNDA:122,(anonymous_1)
FNDA:367,(anonymous_2)
FNDA:0,dayNameToNumber
FNDA:54,initializeStartWeekday
FNDA:54,initializeStartDate
FNDA:36,initializeNextCollection
FNDA:160,checkRange
FNDA:54,collectEventsByDate
FNDA:153,(anonymous_9)
FNDA:165,(anonymous_10)
FNDA:153,(anonymous_11)
FNDA:90,(anonymous_12)
FNDA:52,getSortedDatedEventCollections
FNDA:199,(anonymous_14)
FNDA:74,(anonymous_15)
FNDA:0,(anonymous_16)
FNDA:0,(anonymous_17)
FNDA:0,(anonymous_18)
FNDA:0,(anonymous_19)
DA:5,2
DA:24,75
DA:26,122
DA:27,122
DA:28,114
DA:29,367
DA:30,246
DA:38,122
DA:39,122
DA:42,121
DA:45,114
DA:47,8
DA:55,0
DA:57,0
DA:67,0
DA:71,54
DA:73,0
DA:74,54
DA:77,54
DA:79,0
DA:86,54
DA:87,54
DA:88,54
DA:89,54
DA:96,0
DA:105,36
DA:107,36
DA:109,36
DA:110,36
DA:113,160
DA:119,36
DA:121,36
DA:126,62
DA:127,62
DA:128,62
DA:129,28
DA:133,36
DA:150,54
DA:152,54
DA:154,54
DA:155,153
DA:156,165
DA:158,54
DA:163,54
DA:167,153
DA:169,153
DA:175,153
DA:183,117
DA:184,117
DA:189,36
DA:195,36
DA:200,153
DA:214,90
DA:217,54
DA:218,0
DA:219,0
DA:223,0
DA:227,0
DA:231,54
DA:238,52
DA:239,199
DA:241,52
DA:243,52
DA:244,52
DA:250,0
DA:253,52
DA:254,74
DA:259,0
DA:261,0
DA:265,52
DA:267,0
DA:270,0
DA:275,52
LF:73
LH:58
BRDA:27,0,0,114
BRDA:27,0,1,8
BRDA:29,1,0,246
BRDA:29,1,1,121
BRDA:30,2,0,122
BRDA:30,2,1,124
BRDA:31,3,0,246
BRDA:31,3,1,131
BRDA:31,3,2,123
BRDA:31,3,3,123
BRDA:31,3,4,123
BRDA:31,3,5,122
BRDA:67,4,0,0
BRDA:67,4,1,0
BRDA:71,5,0,0
BRDA:71,5,1,54
BRDA:74,6,0,54
BRDA:74,6,1,0
BRDA:86,7,0,54
BRDA:86,7,1,0
BRDA:114,8,0,160
BRDA:114,8,1,160
BRDA:122,9,0,98
BRDA:122,9,1,62
BRDA:122,9,2,62
BRDA:128,10,0,28
BRDA:128,10,1,34
BRDA:143,11,0,0
BRDA:144,12,0,54
BRDA:175,13,0,117
BRDA:175,13,1,36
BRDA:176,14,0,153
BRDA:176,14,1,153
BRDA:176,14,2,153
BRDA:183,15,0,117
BRDA:183,15,1,0
BRDA:183,16,0,117
BRDA:183,16,1,117
BRDA:195,17,0,36
BRDA:195,17,1,36
BRDA:217,18,0,0
BRDA:217,18,1,54
BRDA:217,19,0,54
BRDA:217,19,1,54
BRDA:219,20,0,0
BRDA:219,20,1,0
BRDA:220,21,0,0
BRDA:220,21,1,0
BRDA:243,22,0,52
BRDA:243,22,1,0
BRDA:246,23,0,52
BRDA:246,23,1,0
BRDA:253,24,0,52
BRDA:253,24,1,0
BRDA:265,25,0,0
BRDA:265,25,1,52
BRDA:265,26,0,52
BRDA:265,26,1,52
BRF:58
BRH:42
end_of_record
TN:
SF:src/getProps.ts
FN:11,fixUrl
FN:25,lookupActionTypes
FN:44,(anonymous_2)
FN:63,getVerbs
FN:78,(anonymous_4)
FN:87,(anonymous_5)
FN:99,getResultTexts
FN:119,getActorProps
FN:142,pathsToProps
FN:162,getSubjectPropSets
FN:175,(anonymous_10)
FN:201,getEntityProps
FN:231,getEventPropSets
FN:236,(anonymous_13)
FN:264,getEventsPropSets
FN:266,(anonymous_15)
FNF:16
FNH:16
FNDA:370,fixUrl
FNDA:543,lookupActionTypes
FNDA:66,(anonymous_2)
FNDA:163,getVerbs
FNDA:13,(anonymous_4)
FNDA:100,(anonymous_5)
FNDA:190,getResultTexts
FNDA:172,getActorProps
FNDA:412,pathsToProps
FNDA:185,getSubjectPropSets
FNDA:48,(anonymous_10)
FNDA:335,getEntityProps
FNDA:147,getEventPropSets
FNDA:156,(anonymous_13)
FNDA:69,getEventsPropSets
FNDA:131,(anonymous_15)
DA:9,3
DA:12,370
DA:13,1
DA:16,370
DA:29,543
DA:30,543
DA:34,543
DA:35,44
DA:37,0
DA:41,0
DA:42,0
DA:44,44
DA:45,66
DA:49,44
DA:51,499
DA:53,391
DA:56,108
DA:59,0
DA:68,163
DA:69,163
DA:73,163
DA:75,163
DA:76,73
DA:77,13
DA:78,13
DA:80,60
DA:84,90
DA:86,90
DA:87,90
DA:88,100
DA:91,0
DA:95,0
DA:104,190
DA:108,190
DA:109,11
DA:110,179
DA:111,113
DA:112,66
DA:113,66
DA:115,0
DA:123,172
DA:126,172
DA:127,172
DA:135,0
DA:147,412
DA:151,412
DA:166,185
DA:167,185
DA:169,185
DA:171,185
DA:172,185
DA:173,37
DA:175,37
DA:177,48
DA:188,148
DA:191,148
DA:198,185
DA:208,335
DA:214,335
DA:215,236
DA:216,30
DA:219,10
DA:221,20
DA:224,206
DA:228,335
DA:232,147
DA:233,147
DA:234,147
DA:236,147
DA:237,156
DA:265,69
DA:266,131
LF:72
LH:64
BRDA:12,0,0,1
BRDA:12,0,1,369
BRDA:16,1,0,370
BRDA:16,1,1,0
BRDA:29,2,0,543
BRDA:29,2,1,0
BRDA:34,3,0,44
BRDA:34,3,1,499
BRDA:34,4,0,543
BRDA:34,4,1,60
BRDA:35,5,0,0
BRDA:35,5,1,44
BRDA:51,6,0,391
BRDA:51,6,1,108
BRDA:68,7,0,163
BRDA:68,7,1,0
BRDA:75,8,0,73
BRDA:75,8,1,90
BRDA:76,9,0,13
BRDA:76,9,1,60
BRDA:86,10,0,90
BRDA:86,10,1,0
BRDA:88,11,0,100
BRDA:88,11,1,0
BRDA:108,12,0,11
BRDA:108,12,1,179
BRDA:110,13,0,113
BRDA:110,13,1,66
BRDA:112,14,0,66
BRDA:112,14,1,0
BRDA:112,15,0,66
BRDA:112,15,1,66
BRDA:126,16,0,172
BRDA:126,16,1,0
BRDA:147,17,0,367
BRDA:147,17,1,45
BRDA:153,18,0,412
BRDA:153,18,1,10
BRDA:154,19,0,367
BRDA:154,19,1,45
BRDA:156,20,0,412
BRDA:156,20,1,412
BRDA:171,21,0,185
BRDA:171,21,1,0
BRDA:172,22,0,37
BRDA:172,22,1,148
BRDA:177,23,0,0
BRDA:177,23,1,48
BRDA:177,24,0,48
BRDA:177,24,1,33
BRDA:188,25,0,104
BRDA:188,25,1,44
BRDA:188,26,0,148
BRDA:188,26,1,148
BRDA:192,27,0,36
BRDA:192,27,1,112
BRDA:192,28,0,148
BRDA:192,28,1,104
BRDA:192,28,2,104
BRDA:214,29,0,236
BRDA:214,29,1,99
BRDA:215,30,0,30
BRDA:215,30,1,206
BRDA:216,31,0,10
BRDA:216,31,1,20
BRDA:216,32,0,30
BRDA:216,32,1,30
BRDA:245,33,0,108
BRDA:245,33,1,48
BRDA:247,34,0,108
BRDA:247,34,1,48
BRDA:253,35,0,108
BRDA:253,35,1,48
BRDA:258,36,0,108
BRDA:258,36,1,48
BRF:75
BRH:65
end_of_record
TN:
SF:src/getText.ts
FN:16,renderActorText
FN:32,renderVerbText
FN:61,renderEntityText
FN:83,(anonymous_3)
FN:91,getRenderedEventPropSet
FN:126,renderDate
FN:134,renderDatedContent
FN:192,renderContent
FN:209,renderEventPropSetGroup
FN:225,(anonymous_9)
FN:232,(anonymous_10)
FN:288,formatRenderedEventsTextSet
FN:315,(anonymous_12)
FN:327,(anonymous_13)
FN:337,formatContentLine
FN:342,(anonymous_15)
FN:354,renderEvents
FN:387,(anonymous_17)
FN:405,(anonymous_18)
FNF:19
FNH:19
FNDA:140,renderActorText
FNDA:140,renderVerbText
FNDA:388,renderEntityText
FNDA:174,(anonymous_3)
FNDA:140,getRenderedEventPropSet
FNDA:228,renderDate
FNDA:12,renderDatedContent
FNDA:12,renderContent
FNDA:98,renderEventPropSetGroup
FNDA:106,(anonymous_9)
FNDA:106,(anonymous_10)
FNDA:64,formatRenderedEventsTextSet
FNDA:28,(anonymous_12)
FNDA:28,(anonymous_13)
FNDA:28,formatContentLine
FNDA:132,(anonymous_15)
FNDA:34,renderEvents
FNDA:44,(anonymous_17)
FNDA:64,(anonymous_18)
DA:20,140
DA:21,140
DA:33,140
DA:65,388
DA:66,388
DA:68,388
DA:74,388
DA:83,1
DA:86,174
DA:101,140
DA:105,140
DA:106,140
DA:107,140
DA:108,140
DA:111,140
DA:115,140
DA:130,228
DA:153,12
DA:200,12
DA:206,12
DA:223,98
DA:225,98
DA:226,106
DA:232,98
DA:236,106
DA:238,106
DA:240,106
DA:241,98
DA:257,98
DA:261,106
DA:263,46
DA:285,98
DA:302,64
DA:305,64
DA:308,64
DA:311,64
DA:313,64
DA:316,28
DA:321,64
DA:322,40
DA:325,24
DA:327,24
DA:328,28
DA:331,24
DA:334,64
DA:338,28
DA:341,28
DA:342,132
DA:344,28
DA:382,34
DA:387,34
DA:388,44
DA:390,44
DA:406,64
DA:415,64
DA:423,64
DA:425,64
LF:57
LH:57
BRDA:18,0,0,0
BRDA:21,1,0,70
BRDA:21,1,1,70
BRDA:21,2,0,70
BRDA:21,2,1,70
BRDA:62,3,0,0
BRDA:63,4,0,21
BRDA:68,5,0,194
BRDA:68,5,1,194
BRDA:69,6,0,194
BRDA:69,6,1,50
BRDA:69,6,2,40
BRDA:69,6,3,0
BRDA:70,7,0,154
BRDA:70,7,1,40
BRDA:70,8,0,194
BRDA:70,8,1,50
BRDA:71,9,0,154
BRDA:71,9,1,10
BRDA:71,10,0,5
BRDA:71,10,1,5
BRDA:72,11,0,40
BRDA:72,11,1,0
BRDA:75,12,0,224
BRDA:75,12,1,164
BRDA:76,13,0,60
BRDA:76,13,1,328
BRDA:76,14,0,388
BRDA:76,14,1,80
BRDA:77,15,0,174
BRDA:77,15,1,214
BRDA:77,16,0,388
BRDA:77,16,1,194
BRDA:79,17,0,174
BRDA:79,17,1,214
BRDA:79,18,0,388
BRDA:79,18,1,194
BRDA:80,19,0,174
BRDA:80,19,1,214
BRDA:80,20,0,388
BRDA:80,20,1,194
BRDA:85,21,0,17
BRDA:93,22,0,17
BRDA:94,23,0,0
BRDA:95,24,0,17
BRDA:103,25,0,140
BRDA:103,25,1,0
BRDA:108,26,0,72
BRDA:108,26,1,68
BRDA:111,27,0,100
BRDA:111,27,1,40
BRDA:139,28,0,0
BRDA:139,29,0,0
BRDA:153,30,0,8
BRDA:153,30,1,4
BRDA:154,31,0,2
BRDA:154,31,1,6
BRDA:154,32,0,8
BRDA:154,32,1,6
BRDA:155,33,0,1
BRDA:155,33,1,1
BRDA:158,34,0,4
BRDA:158,34,1,2
BRDA:158,35,0,6
BRDA:158,35,1,4
BRDA:159,36,0,2
BRDA:159,36,1,2
BRDA:162,37,0,2
BRDA:162,37,1,0
BRDA:162,38,0,2
BRDA:162,38,1,2
BRDA:165,39,0,2
BRDA:165,39,1,2
BRDA:165,40,0,4
BRDA:165,40,1,2
BRDA:166,41,0,1
BRDA:166,41,1,1
BRDA:169,42,0,2
BRDA:169,42,1,0
BRDA:169,43,0,2
BRDA:169,43,1,2
BRDA:171,44,0,0
BRDA:171,44,1,0
BRDA:171,45,0,0
BRDA:171,45,1,0
BRDA:172,46,0,0
BRDA:172,46,1,0
BRDA:196,47,0,0
BRDA:196,48,0,0
BRDA:200,49,0,6
BRDA:200,49,1,6
BRDA:200,50,0,12
BRDA:200,50,1,6
BRDA:200,51,0,12
BRDA:200,51,1,0
BRDA:200,52,0,0
BRDA:200,52,1,0
BRDA:201,53,0,6
BRDA:201,53,1,6
BRDA:201,54,0,12
BRDA:201,54,1,6
BRDA:202,55,0,0
BRDA:202,55,1,12
BRDA:202,56,0,12
BRDA:202,56,1,12
BRDA:203,57,0,6
BRDA:203,57,1,6
BRDA:203,58,0,12
BRDA:203,58,1,12
BRDA:211,59,0,0
BRDA:212,60,0,0
BRDA:213,61,0,34
BRDA:214,62,0,34
BRDA:215,63,0,64
BRDA:238,64,0,106
BRDA:238,64,1,106
BRDA:240,65,0,98
BRDA:240,65,1,8
BRDA:241,66,0,0
BRDA:241,66,1,98
BRDA:244,67,0,8
BRDA:244,67,1,90
BRDA:246,68,0,6
BRDA:246,68,1,92
BRDA:248,69,0,8
BRDA:248,69,1,84
BRDA:251,70,0,8
BRDA:251,70,1,90
BRDA:252,71,0,92
BRDA:252,71,1,6
BRDA:252,72,0,98
BRDA:252,72,1,44
BRDA:253,73,0,54
BRDA:253,73,1,44
BRDA:253,74,0,30
BRDA:253,74,1,24
BRDA:254,75,0,68
BRDA:254,75,1,30
BRDA:261,76,0,46
BRDA:261,76,1,60
BRDA:261,77,0,106
BRDA:261,77,1,76
BRDA:263,78,0,4
BRDA:263,78,1,42
BRDA:267,79,0,4
BRDA:267,79,1,4
BRDA:268,80,0,4
BRDA:268,80,1,0
BRDA:269,81,0,4
BRDA:269,81,1,0
BRDA:274,82,0,12
BRDA:274,82,1,30
BRDA:276,83,0,0
BRDA:276,83,1,12
BRDA:276,84,0,12
BRDA:276,84,1,0
BRDA:277,85,0,12
BRDA:277,85,1,0
BRDA:278,86,0,12
BRDA:278,86,1,0
BRDA:290,87,0,0
BRDA:291,88,0,0
BRDA:292,89,0,0
BRDA:293,90,0,0
BRDA:294,91,0,0
BRDA:305,92,0,64
BRDA:305,92,1,0
BRDA:308,93,0,0
BRDA:308,93,1,64
BRDA:311,94,0,64
BRDA:311,94,1,0
BRDA:311,95,0,32
BRDA:311,95,1,32
BRDA:314,96,0,24
BRDA:314,96,1,40
BRDA:321,97,0,40
BRDA:321,97,1,24
BRDA:328,98,0,4
BRDA:328,98,1,24
BRDA:342,99,0,104
BRDA:342,99,1,28
BRDA:356,100,0,0
BRDA:357,101,0,34
BRDA:358,102,0,34
BRDA:359,103,0,34
BRDA:360,104,0,32
BRDA:361,105,0,34
BRDA:362,106,0,0
BRDA:363,107,0,34
BRDA:364,108,0,34
BRDA:365,109,0,34
BRDA:366,110,0,34
BRDA:367,111,0,34
BRDA:391,112,0,44
BRDA:391,112,1,0
BRDA:399,113,0,0
BRDA:399,113,1,44
BRDA:401,114,0,44
BRDA:401,114,1,0
BRDA:404,115,0,44
BRDA:404,115,1,0
BRF:201
BRH:156
end_of_record
TN:
SF:src/types.ts
FNF:0
FNH:0
DA:92,2
LF:1
LH:1
BRF:0
BRH:0
end_of_record
TN:
SF:src/eventTypes/CommitCommentEvent.ts
FNF:0
FNH:0
DA:4,3
LF:1
LH:1
BRF:0
BRH:0
end_of_record
TN:
SF:src/eventTypes/CreateEvent.ts
FNF:0
FNH:0
DA:7,3
LF:1
LH:1
BRF:0
BRH:0
end_of_record
TN:
SF:src/eventTypes/DeleteEvent.ts
FNF:0
FNH:0
DA:3,3
LF:1
LH:1
BRF:0
BRH:0
end_of_record
TN:
SF:src/eventTypes/ForkEvent.ts
FNF:0
FNH:0
DA:4,3
LF:1
LH:1
BRF:0
BRH:0
end_of_record
TN:
SF:src/eventTypes/GollumEvent.ts
FNF:0
FNH:0
DA:8,3
LF:1
LH:1
BRF:0
BRH:0
end_of_record
TN:
SF:src/eventTypes/IssueCommentEvent.ts
FNF:0
FNH:0
DA:4,3
LF:1
LH:1
BRF:0
BRH:0
end_of_record
TN:
SF:src/eventTypes/IssuesEvent.ts
FNF:0
FNH:0
DA:7,3
LF:1
LH:1
BRF:0
BRH:0
end_of_record
TN:
SF:src/eventTypes/MemberEvent.ts
FNF:0
FNH:0
DA:4,3
LF:1
LH:1
BRF:0
BRH:0
end_of_record
TN:
SF:src/eventTypes/PublicEvent.ts
FNF:0
FNH:0
DA:3,3
LF:1
LH:1
BRF:0
BRH:0
end_of_record
TN:
SF:src/eventTypes/PullRequestEvent.ts
FNF:0
FNH:0
DA:8,3
DA:14,3
LF:2
LH:2
BRF:0
BRH:0
end_of_record
TN:
SF:src/eventTypes/PullRequestReviewCommentEvent.ts
FNF:0
FNH:0
DA:8,3
LF:1
LH:1
BRF:0
BRH:0
end_of_record
TN:
SF:src/eventTypes/PullRequestReviewEvent.ts
FNF:0
FNH:0
DA:8,3
LF:1
LH:1
BRF:0
BRH:0
end_of_record
TN:
SF:src/eventTypes/PushEvent.ts
FNF:0
FNH:0
DA:7,3
LF:1
LH:1
BRF:0
BRH:0
end_of_record
TN:
SF:src/eventTypes/ReleaseEvent.ts
FNF:0
FNH:0
DA:8,3
LF:1
LH:1
BRF:0
BRH:0
end_of_record
TN:
SF:src/eventTypes/SponsorshipEvent.ts
FNF:0
FNH:0
DA:7,3
LF:1
LH:1
BRF:0
BRH:0
end_of_record
TN:
SF:src/eventTypes/WatchEvent.ts
FNF:0
FNH:0
DA:3,3
LF:1
LH:1
BRF:0
BRH:0
end_of_record
TN:
SF:src/eventTypes/helperTypes.ts
FNF:0
FNH:0
DA:1,3
DA:6,3
LF:2
LH:2
BRF:0
BRH:0
end_of_record
TN:
SF:src/eventTypes/index.ts
FNF:0
FNH:0
LF:0
LH:0
BRF:0
BRH:0
end_of_record
